<?xml version="1.0" encoding="utf-8"?><testsuites name="pytest tests"><testsuite name="pytest" errors="0" failures="0" skipped="0" tests="21" time="13.072" timestamp="2026-05-11T06:28:27.844387+00:00" hostname="agent-env-cbc1b3cf-dbb4-4963-8ed8-0b8c91b61756"><testcase classname="backend.tests.backend_test.TestAuthEmail" name="test_login_seeded_user" time="0.816" /><testcase classname="backend.tests.backend_test.TestAuthEmail" name="test_login_invalid_credentials" time="0.270" /><testcase classname="backend.tests.backend_test.TestAuthEmail" name="test_register_duplicate_email" time="0.080" /><testcase classname="backend.tests.backend_test.TestAuthEmail" name="test_register_new_user" time="0.337" /><testcase classname="backend.tests.backend_test.TestAuthEmail" name="test_auth_me" time="0.320" /><testcase classname="backend.tests.backend_test.TestAuthEmail" name="test_auth_me_no_token" time="0.046" /><testcase classname="backend.tests.backend_test.TestAuthMobile" name="test_request_otp_returns_mock" time="0.073" /><testcase classname="backend.tests.backend_test.TestAuthMobile" name="test_verify_otp_creates_user_and_returns_token" time="0.151" /><testcase classname="backend.tests.backend_test.TestAuthMobile" name="test_verify_otp_invalid" time="0.089" /><testcase classname="backend.tests.backend_test.TestDashboard" name="test_dashboard_shape" time="0.046" /><testcase classname="backend.tests.backend_test.TestAssetsCRUD" name="test_full_crud" time="0.248" /><testcase classname="backend.tests.backend_test.TestAssetsCRUD" name="test_update_nonexistent_asset" time="0.048" /><testcase classname="backend.tests.backend_test.TestFamilyCRUD" name="test_full_crud" time="0.182" /><testcase classname="backend.tests.backend_test.TestScenariosAndAI" name="test_list_scenarios" time="0.270" /><testcase classname="backend.tests.backend_test.TestScenariosAndAI" name="test_get_scenario" time="0.047" /><testcase classname="backend.tests.backend_test.TestScenariosAndAI" name="test_update_scenario" time="0.090" /><testcase classname="backend.tests.backend_test.TestScenariosAndAI" name="test_analyze_scenario_gemini" time="2.699" /><testcase classname="backend.tests.backend_test.TestScenariosAndAI" name="test_share_scenario" time="0.178" /><testcase classname="backend.tests.backend_test.TestScenariosAndAI" name="test_shared_invalid_token" time="0.096" /><testcase classname="backend.tests.backend_test.TestScenariosAndAI" name="test_pdf_export" time="0.285" /><testcase classname="backend.tests.backend_test.TestChat" name="test_chat_multi_turn_with_session" time="6.646" /></testsuite></testsuites>